Added Component: Designator=25MHz X1(OSC 5032-2P)
Added Component: Designator=32KHz X0(OSC 5032-2P)
Added Component: Designator=A0(USB-micro_A)
Added Component: Designator=B1(5020beep)
Added Component: Designator=Beep(2PIN)
Added Component: Designator=C1(C 0805_M)
Added Component: Designator=C2(C 0805_M)
Added Component: Designator=C3(C 0805_M)
Added Component: Designator=C4(C 0805_M)
Added Component: Designator=C5(C 0805_M)
Added Component: Designator=C6(C 0805_M)
Added Component: Designator=C7(C 0805_M)
Added Component: Designator=C8(C 0805_M)
Added Component: Designator=C9(C 0805_M)
Added Component: Designator=C10(C 0805_L)
Add component (AddParameter): Name = "BOM名称"; Value = "无极性贴片电容"; VariantName = "[No Variations]"
Add component (AddParameter): Name = "学习资源"; Value = "www.ooocke.com"; VariantName = "[No Variations]"
Add component (AddParameter): Name = "版权归属"; Value = "源创客"; VariantName = "[No Variations]"
Added Component: Designator=C11(C 0805_L)
Add component (AddParameter): Name = "BOM名称"; Value = "无极性贴片电容"; VariantName = "[No Variations]"
Add component (AddParameter): Name = "学习资源"; Value = "www.ooocke.com"; VariantName = "[No Variations]"
Add component (AddParameter): Name = "版权归属"; Value = "源创客"; VariantName = "[No Variations]"
Added Component: Designator=C12(0805C)
Add component (AddParameter): Name = "Published"; Value = "8-Jun-2000"; VariantName = "[No Variations]"
Add component (AddParameter): Name = "Publisher"; Value = "Altium Limited"; VariantName = "[No Variations]"
Add component (AddParameter): Name = "Revision"; Value = "July-2002: Re-released for DXP Platform."; VariantName = "[No Variations]"
Add component (AddParameter): Name = "Value"; Value = "4.7uf"; VariantName = "[No Variations]"
Added Component: Designator=JP1(3pin)
Added Component: Designator=JP2(3pin)
Added Component: Designator=JP3(12PIN)
Added Component: Designator=JP4(12PIN)
Added Component: Designator=JP5(3pin)
Added Component: Designator=JP6(12PIN)
Added Component: Designator=JP7(12PIN)
Added Component: Designator=JP8(3pin)
Added Component: Designator=K1(TSW DIP-6*6*5)
Added Component: Designator=MPU6050(5PIN)
Added Component: Designator=R1(R 0603_M)
Added Component: Designator=R2(R 0603_M)
Added Component: Designator=R3(R 0603_M)
Added Component: Designator=R4(R 0805_L)
Add component (AddParameter): Name = "BOM名称"; Value = "贴片电阻"; VariantName = "[No Variations]"
Add component (AddParameter): Name = "学习资源"; Value = "www.ooocke.com"; VariantName = "[No Variations]"
Add component (AddParameter): Name = "版权归属"; Value = "源创客"; VariantName = "[No Variations]"
Added Component: Designator=R5(R 0805_L)
Add component (AddParameter): Name = "BOM名称"; Value = "贴片电阻"; VariantName = "[No Variations]"
Add component (AddParameter): Name = "学习资源"; Value = "www.ooocke.com"; VariantName = "[No Variations]"
Add component (AddParameter): Name = "版权归属"; Value = "源创客"; VariantName = "[No Variations]"
Added Component: Designator=R6(R 0805_L)
Add component (AddParameter): Name = "BOM名称"; Value = "贴片电阻"; VariantName = "[No Variations]"
Add component (AddParameter): Name = "学习资源"; Value = "www.ooocke.com"; VariantName = "[No Variations]"
Add component (AddParameter): Name = "版权归属"; Value = "源创客"; VariantName = "[No Variations]"
Added Component: Designator=SH1(6PIN)
Added Component: Designator=U1(QFN48 7X7_M)
Added Component: Designator=U2(QFN24)
Added Component: Designator=U3(SOP8)
Added Component: Designator=USB(5PIN)
Added Pin To Net: NetName=3.3V Pin=C1-2
Added Pin To Net: NetName=3.3V Pin=C2-2
Added Pin To Net: NetName=3.3V Pin=C3-2
Added Pin To Net: NetName=3.3V Pin=C4-2
Added Pin To Net: NetName=3.3V Pin=R1-2
Added Pin To Net: NetName=3.3V Pin=SH1-4
Added Net: Name=3.3V
Added Pin To Net: NetName=3V3 Pin=JP1-3
Added Pin To Net: NetName=3V3 Pin=JP2-3
Added Pin To Net: NetName=3V3 Pin=JP5-3
Added Pin To Net: NetName=3V3 Pin=JP8-1
Added Pin To Net: NetName=3V3 Pin=MPU6050-1
Added Pin To Net: NetName=3V3 Pin=R4-2
Added Pin To Net: NetName=3V3 Pin=R5-2
Added Pin To Net: NetName=3V3 Pin=R6-1
Added Pin To Net: NetName=3V3 Pin=U1-9
Added Pin To Net: NetName=3V3 Pin=U1-24
Added Pin To Net: NetName=3V3 Pin=U1-36
Added Pin To Net: NetName=3V3 Pin=U1-48
Added Pin To Net: NetName=3V3 Pin=U2-8
Added Pin To Net: NetName=3V3 Pin=U2-13
Added Pin To Net: NetName=3V3 Pin=U3-3
Added Net: Name=3V3
Added Pin To Net: NetName=5V Pin=A0-1
Added Pin To Net: NetName=5V Pin=JP1-1
Added Pin To Net: NetName=5V Pin=JP2-1
Added Pin To Net: NetName=5V Pin=JP5-1
Added Pin To Net: NetName=5V Pin=USB-1
Added Net: Name=5V
Added Pin To Net: NetName=B+ Pin=B1-1
Added Pin To Net: NetName=B+ Pin=Beep-1
Added Net: Name=B+
Added Pin To Net: NetName=B- Pin=B1-2
Added Pin To Net: NetName=B- Pin=Beep-2
Added Net: Name=B-
Added Pin To Net: NetName=BOOT0 Pin=JP7-8
Added Pin To Net: NetName=BOOT0 Pin=R2-2
Added Pin To Net: NetName=BOOT0 Pin=U1-44
Added Net: Name=BOOT0
Added Pin To Net: NetName=BOOT1 Pin=JP6-8
Added Pin To Net: NetName=BOOT1 Pin=R3-2
Added Pin To Net: NetName=BOOT1 Pin=U1-20
Added Net: Name=BOOT1
Added Pin To Net: NetName=D+ Pin=A0-3
Added Pin To Net: NetName=D+ Pin=USB-3
Added Net: Name=D+
Added Pin To Net: NetName=D- Pin=A0-2
Added Pin To Net: NetName=D- Pin=USB-2
Added Net: Name=D-
Added Pin To Net: NetName=DO Pin=JP8-2
Added Pin To Net: NetName=DO Pin=U3-4
Added Net: Name=DO
Added Pin To Net: NetName=EP Pin=A0-5
Added Pin To Net: NetName=EP Pin=A0-5
Added Pin To Net: NetName=EP Pin=A0-5
Added Pin To Net: NetName=EP Pin=A0-5
Added Pin To Net: NetName=EP Pin=A0-5
Added Pin To Net: NetName=EP Pin=C1-1
Added Pin To Net: NetName=EP Pin=C2-1
Added Pin To Net: NetName=EP Pin=C3-1
Added Pin To Net: NetName=EP Pin=C4-1
Added Pin To Net: NetName=EP Pin=C5-1
Added Pin To Net: NetName=EP Pin=C6-1
Added Pin To Net: NetName=EP Pin=C7-1
Added Pin To Net: NetName=EP Pin=C8-1
Added Pin To Net: NetName=EP Pin=C9-1
Added Pin To Net: NetName=EP Pin=C10-2
Added Pin To Net: NetName=EP Pin=C11-1
Added Pin To Net: NetName=EP Pin=C12-1
Added Pin To Net: NetName=EP Pin=JP1-2
Added Pin To Net: NetName=EP Pin=JP2-2
Added Pin To Net: NetName=EP Pin=JP5-2
Added Pin To Net: NetName=EP Pin=JP8-3
Added Pin To Net: NetName=EP Pin=K1-2
Added Pin To Net: NetName=EP Pin=MPU6050-2
Added Pin To Net: NetName=EP Pin=R2-1
Added Pin To Net: NetName=EP Pin=R3-1
Added Pin To Net: NetName=EP Pin=SH1-3
Added Pin To Net: NetName=EP Pin=U1-8
Added Pin To Net: NetName=EP Pin=U1-23
Added Pin To Net: NetName=EP Pin=U1-35
Added Pin To Net: NetName=EP Pin=U1-47
Added Pin To Net: NetName=EP Pin=U1-49
Added Pin To Net: NetName=EP Pin=U2-1
Added Pin To Net: NetName=EP Pin=U2-6
Added Pin To Net: NetName=EP Pin=U2-7
Added Pin To Net: NetName=EP Pin=U2-9
Added Pin To Net: NetName=EP Pin=U2-11
Added Pin To Net: NetName=EP Pin=U2-18
Added Pin To Net: NetName=EP Pin=U3-5
Added Pin To Net: NetName=EP Pin=USB-5
Added Net: Name=EP
Added Pin To Net: NetName=ID Pin=A0-4
Added Pin To Net: NetName=ID Pin=USB-4
Added Net: Name=ID
Added Pin To Net: NetName=MPU_INT Pin=MPU6050-5
Added Pin To Net: NetName=MPU_INT Pin=R6-2
Added Pin To Net: NetName=MPU_INT Pin=U2-12
Added Net: Name=MPU_INT
Added Pin To Net: NetName=MPU_SCL Pin=MPU6050-3
Added Pin To Net: NetName=MPU_SCL Pin=R5-1
Added Pin To Net: NetName=MPU_SCL Pin=U2-23
Added Net: Name=MPU_SCL
Added Pin To Net: NetName=MPU_SDA Pin=MPU6050-4
Added Pin To Net: NetName=MPU_SDA Pin=R4-1
Added Pin To Net: NetName=MPU_SDA Pin=U2-24
Added Net: Name=MPU_SDA
Added Pin To Net: NetName=Net32KHz X0_1 Pin=32KHz X0-1
Added Pin To Net: NetName=Net32KHz X0_1 Pin=C5-2
Added Net: Name=Net32KHz X0_1
Added Pin To Net: NetName=NetC10_1 Pin=C10-1
Added Pin To Net: NetName=NetC10_1 Pin=U2-20
Added Net: Name=NetC10_1
Added Pin To Net: NetName=NetC11_2 Pin=C11-2
Added Pin To Net: NetName=NetC11_2 Pin=U2-10
Added Net: Name=NetC11_2
Added Pin To Net: NetName=NRST Pin=C7-2
Added Pin To Net: NetName=NRST Pin=JP3-7
Added Pin To Net: NetName=NRST Pin=K1-1
Added Pin To Net: NetName=NRST Pin=R1-1
Added Pin To Net: NetName=NRST Pin=U1-7
Added Net: Name=NRST
Added Pin To Net: NetName=PA0 Pin=JP3-10
Added Pin To Net: NetName=PA0 Pin=U1-10
Added Net: Name=PA0
Added Pin To Net: NetName=PA1 Pin=JP3-11
Added Pin To Net: NetName=PA1 Pin=U1-11
Added Net: Name=PA1
Added Pin To Net: NetName=PA2 Pin=JP3-12
Added Pin To Net: NetName=PA2 Pin=U1-12
Added Net: Name=PA2
Added Pin To Net: NetName=PA3 Pin=JP6-1
Added Pin To Net: NetName=PA3 Pin=U1-13
Added Net: Name=PA3
Added Pin To Net: NetName=PA4 Pin=JP6-2
Added Pin To Net: NetName=PA4 Pin=U1-14
Added Net: Name=PA4
Added Pin To Net: NetName=PA5 Pin=JP6-3
Added Pin To Net: NetName=PA5 Pin=U1-15
Added Net: Name=PA5
Added Pin To Net: NetName=PA6 Pin=JP6-4
Added Pin To Net: NetName=PA6 Pin=U1-16
Added Net: Name=PA6
Added Pin To Net: NetName=PA7 Pin=JP6-5
Added Pin To Net: NetName=PA7 Pin=U1-17
Added Net: Name=PA7
Added Pin To Net: NetName=PA8 Pin=JP4-5
Added Pin To Net: NetName=PA8 Pin=U1-29
Added Net: Name=PA8
Added Pin To Net: NetName=PA9 Pin=JP4-6
Added Pin To Net: NetName=PA9 Pin=SH1-5
Added Pin To Net: NetName=PA9 Pin=U1-30
Added Net: Name=PA9
Added Pin To Net: NetName=PA10 Pin=JP4-7
Added Pin To Net: NetName=PA10 Pin=SH1-6
Added Pin To Net: NetName=PA10 Pin=U1-31
Added Net: Name=PA10
Added Pin To Net: NetName=PA11 Pin=JP4-8
Added Pin To Net: NetName=PA11 Pin=U1-32
Added Net: Name=PA11
Added Pin To Net: NetName=PA12 Pin=JP4-9
Added Pin To Net: NetName=PA12 Pin=U1-33
Added Net: Name=PA12
Added Pin To Net: NetName=PA13 Pin=JP4-10
Added Pin To Net: NetName=PA13 Pin=SH1-2
Added Pin To Net: NetName=PA13 Pin=U1-34
Added Net: Name=PA13
Added Pin To Net: NetName=PA14 Pin=JP7-1
Added Pin To Net: NetName=PA14 Pin=SH1-1
Added Pin To Net: NetName=PA14 Pin=U1-37
Added Net: Name=PA14
Added Pin To Net: NetName=PA15 Pin=JP7-2
Added Pin To Net: NetName=PA15 Pin=U1-38
Added Net: Name=PA15
Added Pin To Net: NetName=PB0 Pin=JP6-6
Added Pin To Net: NetName=PB0 Pin=U1-18
Added Net: Name=PB0
Added Pin To Net: NetName=PB1 Pin=JP6-7
Added Pin To Net: NetName=PB1 Pin=U1-19
Added Net: Name=PB1
Added Pin To Net: NetName=PB3 Pin=JP7-3
Added Pin To Net: NetName=PB3 Pin=U1-39
Added Net: Name=PB3
Added Pin To Net: NetName=PB4 Pin=JP7-4
Added Pin To Net: NetName=PB4 Pin=U1-40
Added Net: Name=PB4
Added Pin To Net: NetName=PB5 Pin=JP7-5
Added Pin To Net: NetName=PB5 Pin=U1-41
Added Net: Name=PB5
Added Pin To Net: NetName=PB6 Pin=JP7-6
Added Pin To Net: NetName=PB6 Pin=U1-42
Added Net: Name=PB6
Added Pin To Net: NetName=PB7 Pin=JP7-7
Added Pin To Net: NetName=PB7 Pin=U1-43
Added Net: Name=PB7
Added Pin To Net: NetName=PB8 Pin=JP7-9
Added Pin To Net: NetName=PB8 Pin=U1-45
Added Net: Name=PB8
Added Pin To Net: NetName=PB9 Pin=JP7-10
Added Pin To Net: NetName=PB9 Pin=U1-46
Added Net: Name=PB9
Added Pin To Net: NetName=PB10 Pin=JP6-9
Added Pin To Net: NetName=PB10 Pin=U1-21
Added Net: Name=PB10
Added Pin To Net: NetName=PB12 Pin=JP4-1
Added Pin To Net: NetName=PB12 Pin=U1-25
Added Net: Name=PB12
Added Pin To Net: NetName=PB13 Pin=JP4-2
Added Pin To Net: NetName=PB13 Pin=U1-26
Added Net: Name=PB13
Added Pin To Net: NetName=PB14 Pin=JP4-3
Added Pin To Net: NetName=PB14 Pin=U1-27
Added Net: Name=PB14
Added Pin To Net: NetName=PB15 Pin=JP4-4
Added Pin To Net: NetName=PB15 Pin=U1-28
Added Net: Name=PB15
Added Pin To Net: NetName=PC13 Pin=JP3-2
Added Pin To Net: NetName=PC13 Pin=U1-2
Added Net: Name=PC13
Added Pin To Net: NetName=PC14 Pin=JP3-3
Added Pin To Net: NetName=PC14 Pin=U1-3
Added Net: Name=PC14
Added Pin To Net: NetName=PC15 Pin=32KHz X0-2
Added Pin To Net: NetName=PC15 Pin=C6-2
Added Pin To Net: NetName=PC15 Pin=JP3-4
Added Pin To Net: NetName=PC15 Pin=U1-4
Added Net: Name=PC15
Added Pin To Net: NetName=PH0 Pin=25MHz X1-1
Added Pin To Net: NetName=PH0 Pin=C8-2
Added Pin To Net: NetName=PH0 Pin=JP3-5
Added Pin To Net: NetName=PH0 Pin=U1-5
Added Net: Name=PH0
Added Pin To Net: NetName=PH1 Pin=25MHz X1-2
Added Pin To Net: NetName=PH1 Pin=C9-2
Added Pin To Net: NetName=PH1 Pin=JP3-6
Added Pin To Net: NetName=PH1 Pin=U1-6
Added Net: Name=PH1
Added Pin To Net: NetName=VBAT Pin=JP3-1
Added Pin To Net: NetName=VBAT Pin=U1-1
Added Net: Name=VBAT
Added Pin To Net: NetName=VCAP1 Pin=C12-2
Added Pin To Net: NetName=VCAP1 Pin=JP6-10
Added Pin To Net: NetName=VCAP1 Pin=U1-22
Added Net: Name=VCAP1
Added Pin To Net: NetName=VDD Pin=JP3-9
Added Pin To Net: NetName=VDD Pin=JP4-12
Added Pin To Net: NetName=VDD Pin=JP6-12
Added Pin To Net: NetName=VDD Pin=JP7-12
Added Net: Name=VDD
Added Pin To Net: NetName=VSS Pin=JP3-8
Added Pin To Net: NetName=VSS Pin=JP4-11
Added Pin To Net: NetName=VSS Pin=JP6-11
Added Pin To Net: NetName=VSS Pin=JP7-11
Added Net: Name=VSS
Added Class: Name=Sheet1
Added Room: Name=Sheet1
