Removed Pin From Net: NetName=GND Pin=B12-2
Removed Pin From Net: NetName=GND Pin=B13-
Removed Pin From Net: NetName=GND Pin=C1-1
Removed Pin From Net: NetName=3V3 Pin=C1-2
Removed Pin From Net: NetName=GND Pin=C14-2
Removed Pin From Net: NetName=GND Pin=C15-2
Removed Pin From Net: NetName=3V3 Pin=Q1-2
Removed Pin From Net: NetName=PB13 Pin=R1-1
Removed Pin From Net: NetName=LCD_BLK Pin=R3-1
Removed Pin From Net: NetName=3V3 Pin=R4-1
Removed Member From Class: ClassName=Sheet1 Member=C1
Removed Member From Class: ClassName=Sheet1 Member=Q1
Removed Member From Class: ClassName=Sheet1 Member=R3
Removed Member From Class: ClassName=Sheet1 Member=R4
Removed Member From Class: ClassName=Sheet1 Member=R5
Change Component Designator: OldDesignator=3.3 NewDesignator=U4
Change Component Designator: OldDesignator=5V NewDesignator=U6
Change Component Designator: OldDesignator=B12 NewDesignator=SW3
Change Component Designator: OldDesignator=B13 NewDesignator=SW4
Change Component Designator: OldDesignator=C14 NewDesignator=SW1
Change Component Designator: OldDesignator=C15 NewDesignator=SW2
Change Component Designator: OldDesignator=D1 NewDesignator=LED1
Change Component Designator: OldDesignator=D2 NewDesignator=LED2
Change Component Designator: OldDesignator=G NewDesignator=U5
Change Component Designator: OldDesignator=OLED NewDesignator=U3
Added Pin To Net: NetName=PB15 Pin=R1-1
Added Pin To Net: NetName=LCD_BLK Pin=U1-1
Added Member To Class: ClassName=Sheet1 Member=Component U6 POWER
Added Room: Name=Sheet1
