Added Pin To Net: NetName=PC14 Pin=U7-3
Added Pin To Net: NetName=PC15 Pin=U7-4
Added Pin To Net: NetName=PA2 Pin=U7-8
Added Pin To Net: NetName=PA3 Pin=U7-9
Added Pin To Net: NetName=LCD_CS Pin=U7-10
Added Pin To Net: NetName=LCD_SCL Pin=U7-11
Added Pin To Net: NetName=LCD_RES Pin=U7-12
Added Pin To Net: NetName=LCD_SDA Pin=U7-13
Added Pin To Net: NetName=LCD_RS Pin=U7-14
Added Pin To Net: NetName=LCD_BLK Pin=U7-15
Added Pin To Net: NetName=3V3 Pin=U7-18
Added Pin To Net: NetName=GND Pin=U7-19
Added Pin To Net: NetName=5V Pin=U7-20
Added Pin To Net: NetName=NRST Pin=U7-5
Added Net: Name=NRST
Added Pin To Net: NetName=PA0 Pin=U7-6
Added Net: Name=PA0
Added Pin To Net: NetName=PA1 Pin=U7-7
Added Net: Name=PA1
Added Pin To Net: NetName=PB2 Pin=U7-16
Added Net: Name=PB2
Added Pin To Net: NetName=PB10 Pin=U7-17
Added Net: Name=PB10
Added Pin To Net: NetName=PC13 Pin=U7-2
Added Net: Name=PC13
Added Pin To Net: NetName=VBAT Pin=U7-1
Added Net: Name=VBAT
