Added Component: Designator=JP?(XH2.54-WI-4P)
Add component (AddParameter): Name = "BOM名称"; Value = "4P接插件"; VariantName = "[No Variations]"
Add component (AddParameter): Name = "学习资源"; Value = "www.ooocke.com"; VariantName = "[No Variations]"
Add component (AddParameter): Name = "版权归属"; Value = "源创客"; VariantName = "[No Variations]"
Added Component: Designator=P?(20PIN)
Added Component: Designator=P?(20PIN)
Added Component: Designator=P?(20PIN)
Added Component: Designator=P?(20PIN)
Added Component: Designator=U?(8PIN)
Added Component: Designator=U?(FPC)
Added Component: Designator=U?(4PIN)
Added Net: Name=3V3
Added Net: Name=5V
Added Net: Name=GND
Added Net: Name=NRST
Added Net: Name=PA0
Added Net: Name=PA1
Added Net: Name=PA2
Added Net: Name=PA3
Added Net: Name=PA4
Added Net: Name=PA5
Added Net: Name=PA6
Added Net: Name=PA7
Added Net: Name=PA8
Added Net: Name=PA9
Added Net: Name=PA10
Added Net: Name=PA11
Added Net: Name=PA12
Added Net: Name=PA15
Added Net: Name=PB0
Added Net: Name=PB1
Added Net: Name=PB2
Added Net: Name=PB3
Added Net: Name=PB4
Added Net: Name=PB5
Added Net: Name=PB6
Added Net: Name=PB7
Added Net: Name=PB8
Added Net: Name=PB9
Added Net: Name=PB10
Added Net: Name=PB12
Added Net: Name=PB13
Added Net: Name=PB14
Added Net: Name=PB15
Added Net: Name=PC13
Added Net: Name=PC14
Added Net: Name=PC15
Added Net: Name=VBAT
Added Class: Name=Sheet1
Added Room: Name=Sheet1
