Added Component: Designator=U9(20PIN)
Added Component: Designator=U10(20PIN)
Added Pin To Net: NetName=PB12 Pin=U9-1
Added Pin To Net: NetName=PB13 Pin=U9-2
Added Pin To Net: NetName=PB14 Pin=U9-3
Added Pin To Net: NetName=PB15 Pin=U9-4
Added Pin To Net: NetName=PA8 Pin=U9-5
Added Pin To Net: NetName=PA9 Pin=U9-6
Added Pin To Net: NetName=PA10 Pin=U9-7
Added Pin To Net: NetName=PA11 Pin=U9-8
Added Pin To Net: NetName=PA12 Pin=U9-9
Added Pin To Net: NetName=PA15 Pin=U9-10
Added Pin To Net: NetName=MPU_SCL Pin=U9-11
Added Pin To Net: NetName=MPU_SDA Pin=U9-12
Added Pin To Net: NetName=PB5 Pin=U9-13
Added Pin To Net: NetName=PB6 Pin=U9-14
Added Pin To Net: NetName=PB7 Pin=U9-15
Added Pin To Net: NetName=OLED_SCL Pin=U9-16
Added Pin To Net: NetName=OLED_SDA Pin=U9-17
Added Pin To Net: NetName=5V Pin=U9-18
Added Pin To Net: NetName=GND Pin=U9-19
Added Pin To Net: NetName=3V3 Pin=U9-20
Added Pin To Net: NetName=VBAT Pin=U10-1
Added Pin To Net: NetName=PC13 Pin=U10-2
Added Pin To Net: NetName=PC14 Pin=U10-3
Added Pin To Net: NetName=PC15 Pin=U10-4
Added Pin To Net: NetName=NRST Pin=U10-5
Added Pin To Net: NetName=PA0 Pin=U10-6
Added Pin To Net: NetName=PA1 Pin=U10-7
Added Pin To Net: NetName=PA2 Pin=U10-8
Added Pin To Net: NetName=PA3 Pin=U10-9
Added Pin To Net: NetName=LCD_CS Pin=U10-10
Added Pin To Net: NetName=LCD_SCL Pin=U10-11
Added Pin To Net: NetName=LCD_RES Pin=U10-12
Added Pin To Net: NetName=LCD_SDA Pin=U10-13
Added Pin To Net: NetName=LCD_RS Pin=U10-14
Added Pin To Net: NetName=LCD_BLK Pin=U10-15
Added Pin To Net: NetName=PB2 Pin=U10-16
Added Pin To Net: NetName=PB10 Pin=U10-17
Added Pin To Net: NetName=3V3 Pin=U10-18
Added Pin To Net: NetName=GND Pin=U10-19
Added Pin To Net: NetName=5V Pin=U10-20
Added Member To Class: ClassName=Sheet1 Member=Component U9 stm32f4
Added Member To Class: ClassName=Sheet1 Member=Component U10 stm32f4
