Removed Member From Class: ClassName=Sheet1 Member=JP?
Added Component: Designator=SW?(TSW DIP-6*6*6)
Add component (AddParameter): Name = "BOM名称"; Value = "直插6x6轻触开关"; VariantName = "[No Variations]"
Add component (AddParameter): Name = "学习资源"; Value = "www.ooocke.com"; VariantName = "[No Variations]"
Add component (AddParameter): Name = "版权归属"; Value = "源创客"; VariantName = "[No Variations]"
Added Component: Designator=SW?(TSW DIP-6*6*6)
Add component (AddParameter): Name = "BOM名称"; Value = "直插6x6轻触开关"; VariantName = "[No Variations]"
Add component (AddParameter): Name = "学习资源"; Value = "www.ooocke.com"; VariantName = "[No Variations]"
Add component (AddParameter): Name = "版权归属"; Value = "源创客"; VariantName = "[No Variations]"
Added Component: Designator=SW?(TSW DIP-6*6*6)
Add component (AddParameter): Name = "BOM名称"; Value = "直插6x6轻触开关"; VariantName = "[No Variations]"
Add component (AddParameter): Name = "学习资源"; Value = "www.ooocke.com"; VariantName = "[No Variations]"
Add component (AddParameter): Name = "版权归属"; Value = "源创客"; VariantName = "[No Variations]"
Added Component: Designator=SW?(TSW DIP-6*6*6)
Add component (AddParameter): Name = "BOM名称"; Value = "直插6x6轻触开关"; VariantName = "[No Variations]"
Add component (AddParameter): Name = "学习资源"; Value = "www.ooocke.com"; VariantName = "[No Variations]"
Add component (AddParameter): Name = "版权归属"; Value = "源创客"; VariantName = "[No Variations]"
Added Component: Designator=U?(3PIN)
Added Component: Designator=U?(3PIN)
Added Component: Designator=U?(3PIN)
Added Component: Designator=USART?(4PIN)
Added Component: Designator=USART?(4PIN)
Added Pin To Net: NetName=PB13 Pin=SW?-1
Added Pin To Net: NetName=PC14 Pin=SW?-1
Added Pin To Net: NetName=PC15 Pin=SW?-1
Added Pin To Net: NetName=GND Pin=SW?-2
Added Pin To Net: NetName=GND Pin=SW?-2
Added Pin To Net: NetName=GND Pin=SW?-2
Added Pin To Net: NetName=GND Pin=SW?-2
Added Pin To Net: NetName=3V3 Pin=U?-1
Added Pin To Net: NetName=5V Pin=U?-1
Added Pin To Net: NetName=5V Pin=U?-1
Added Pin To Net: NetName=5V Pin=U?-1
Added Pin To Net: NetName=GND Pin=U?-1
Added Pin To Net: NetName=3V3 Pin=U?-2
Added Pin To Net: NetName=GND Pin=U?-2
Added Pin To Net: NetName=GND Pin=U?-2
Added Pin To Net: NetName=GND Pin=U?-2
Added Pin To Net: NetName=GND Pin=U?-2
Added Pin To Net: NetName=GND Pin=U?-2
Added Pin To Net: NetName=3V3 Pin=U?-3
Added Pin To Net: NetName=3V3 Pin=U?-3
Added Pin To Net: NetName=3V3 Pin=U?-3
Added Pin To Net: NetName=3V3 Pin=U?-7
Added Pin To Net: NetName=3V3 Pin=USART?-1
Added Pin To Net: NetName=3V3 Pin=USART?-1
Added Pin To Net: NetName=GND Pin=USART?-2
Added Pin To Net: NetName=GND Pin=USART?-2
Added Pin To Net: NetName=PA9 Pin=USART?-3
Added Pin To Net: NetName=PB2 Pin=USART?-3
Added Pin To Net: NetName=PA10 Pin=USART?-4
Added Net: Name=LCD_BLK
Added Pin To Net: NetName=LCD_CS Pin=U?-8
Added Net: Name=LCD_CS
Added Pin To Net: NetName=LCD_RES Pin=U?-3
Added Net: Name=LCD_RES
Added Pin To Net: NetName=LCD_RS Pin=U?-4
Added Net: Name=LCD_RS
Added Pin To Net: NetName=LCD_SCL Pin=U?-6
Added Net: Name=LCD_SCL
Added Pin To Net: NetName=LCD_SDA Pin=U?-5
Added Net: Name=LCD_SDA
Added Pin To Net: NetName=LEDA Pin=U?-1
Added Net: Name=LEDA
Added Pin To Net: NetName=MPU_SCL Pin=U?-3
Added Pin To Net: NetName=MPU_SCL Pin=USART?-4
Added Net: Name=MPU_SCL
Added Pin To Net: NetName=MPU_SDA Pin=U?-4
Added Net: Name=MPU_SDA
Added Pin To Net: NetName=OLED_SCL Pin=U?-3
Added Net: Name=OLED_SCL
Added Pin To Net: NetName=OLED_SDA Pin=U?-4
Added Net: Name=OLED_SDA
Added Pin To Net: NetName=PCB12 Pin=SW?-1
Added Net: Name=PCB12
Added Member To Class: ClassName=Sheet1 Member=Component P? STM32F401CCU6
Added Member To Class: ClassName=Sheet1 Member=Component P? STM32F401CCU6
Added Member To Class: ClassName=Sheet1 Member=Component P? STM32F401CCU6
Added Member To Class: ClassName=Sheet1 Member=Component SW? 6x6x5
Added Member To Class: ClassName=Sheet1 Member=Component SW? 6x6x5
Added Member To Class: ClassName=Sheet1 Member=Component SW? 6x6x5
Added Member To Class: ClassName=Sheet1 Member=Component SW? 6x6x5
Added Member To Class: ClassName=Sheet1 Member=Component U? POWER
Added Member To Class: ClassName=Sheet1 Member=Component U? MPU6050
Added Member To Class: ClassName=Sheet1 Member=Component U? POWER
Added Member To Class: ClassName=Sheet1 Member=Component U? POWER
Added Member To Class: ClassName=Sheet1 Member=Component U? LCD
Added Member To Class: ClassName=Sheet1 Member=Component USART? USART
Added Member To Class: ClassName=Sheet1 Member=Component USART? USART
Added Room: Name=Sheet1
