Added Component: Designator=Beep(5020beep)
Added Component: Designator=C1(C 0603_M)
Added Component: Designator=C2(C 0603_M)
Added Component: Designator=C3(C 0603_M)
Added Component: Designator=C4(C 0603_M)
Added Component: Designator=C5(C 0603_M)
Added Component: Designator=C6(C 0603_M)
Added Component: Designator=C7(C 0603_L)
Added Component: Designator=C8(C 0603_M)
Added Component: Designator=C9(C 0603_M)
Added Component: Designator=C10(C 0603_L)
Add component (AddParameter): Name = "BOM名称"; Value = "无极性贴片电容"; VariantName = "[No Variations]"
Add component (AddParameter): Name = "学习资源"; Value = "www.ooocke.com"; VariantName = "[No Variations]"
Add component (AddParameter): Name = "版权归属"; Value = "源创客"; VariantName = "[No Variations]"
Added Component: Designator=C11(C 0603_L)
Add component (AddParameter): Name = "BOM名称"; Value = "无极性贴片电容"; VariantName = "[No Variations]"
Add component (AddParameter): Name = "学习资源"; Value = "www.ooocke.com"; VariantName = "[No Variations]"
Add component (AddParameter): Name = "版权归属"; Value = "源创客"; VariantName = "[No Variations]"
Added Component: Designator=C12(C 0603_M)
Add component (AddParameter): Name = "Published"; Value = "8-Jun-2000"; VariantName = "[No Variations]"
Add component (AddParameter): Name = "Publisher"; Value = "Altium Limited"; VariantName = "[No Variations]"
Add component (AddParameter): Name = "Revision"; Value = "July-2002: Re-released for DXP Platform."; VariantName = "[No Variations]"
Add component (AddParameter): Name = "Value"; Value = "4.7uf"; VariantName = "[No Variations]"
Added Component: Designator=C13(C 0603_L)
Added Component: Designator=C14(C 0603_L)
Added Component: Designator=C15(C 0603_L)
Added Component: Designator=C16(C 0603_L)
Added Component: Designator=C17(C 0603_L)
Added Component: Designator=D1(LED 0603R)
Add component (AddParameter): Name = "BOM名称"; Value = "贴片LED"; VariantName = "[No Variations]"
Add component (AddParameter): Name = "学习资源"; Value = "www.ooocke.com"; VariantName = "[No Variations]"
Add component (AddParameter): Name = "版权归属"; Value = "源创客"; VariantName = "[No Variations]"
Added Component: Designator=D2(LED 0603R)
Add component (AddParameter): Name = "BOM名称"; Value = "贴片LED"; VariantName = "[No Variations]"
Add component (AddParameter): Name = "学习资源"; Value = "www.ooocke.com"; VariantName = "[No Variations]"
Add component (AddParameter): Name = "版权归属"; Value = "源创客"; VariantName = "[No Variations]"
Added Component: Designator=D3(LED 0603R)
Add component (AddParameter): Name = "BOM名称"; Value = "贴片LED"; VariantName = "[No Variations]"
Add component (AddParameter): Name = "学习资源"; Value = "www.ooocke.com"; VariantName = "[No Variations]"
Add component (AddParameter): Name = "版权归属"; Value = "源创客"; VariantName = "[No Variations]"
Added Component: Designator=JP1(2PIN)
Added Component: Designator=R1(R 0603_L)
Add component (AddParameter): Name = "BOM名称"; Value = "贴片电阻"; VariantName = "[No Variations]"
Add component (AddParameter): Name = "学习资源"; Value = "www.ooocke.com"; VariantName = "[No Variations]"
Add component (AddParameter): Name = "版权归属"; Value = "源创客"; VariantName = "[No Variations]"
Added Component: Designator=R2(R 0603_M)
Added Component: Designator=R3(R 0603_M)
Added Component: Designator=R4(0603R)
Add component (AddParameter): Name = "BOM名称"; Value = "贴片电阻"; VariantName = "[No Variations]"
Add component (AddParameter): Name = "学习资源"; Value = "www.ooocke.com"; VariantName = "[No Variations]"
Add component (AddParameter): Name = "版权归属"; Value = "源创客"; VariantName = "[No Variations]"
Added Component: Designator=R5(0603R)
Add component (AddParameter): Name = "BOM名称"; Value = "贴片电阻"; VariantName = "[No Variations]"
Add component (AddParameter): Name = "学习资源"; Value = "www.ooocke.com"; VariantName = "[No Variations]"
Add component (AddParameter): Name = "版权归属"; Value = "源创客"; VariantName = "[No Variations]"
Added Component: Designator=R6(0603R)
Add component (AddParameter): Name = "BOM名称"; Value = "贴片电阻"; VariantName = "[No Variations]"
Add component (AddParameter): Name = "学习资源"; Value = "www.ooocke.com"; VariantName = "[No Variations]"
Add component (AddParameter): Name = "版权归属"; Value = "源创客"; VariantName = "[No Variations]"
Added Component: Designator=R7(R 0603_L)
Add component (AddParameter): Name = "BOM名称"; Value = "贴片电阻"; VariantName = "[No Variations]"
Add component (AddParameter): Name = "学习资源"; Value = "www.ooocke.com"; VariantName = "[No Variations]"
Add component (AddParameter): Name = "版权归属"; Value = "源创客"; VariantName = "[No Variations]"
Added Component: Designator=R8(R 0603_L)
Add component (AddParameter): Name = "BOM名称"; Value = "贴片电阻"; VariantName = "[No Variations]"
Add component (AddParameter): Name = "学习资源"; Value = "www.ooocke.com"; VariantName = "[No Variations]"
Add component (AddParameter): Name = "版权归属"; Value = "源创客"; VariantName = "[No Variations]"
Added Component: Designator=R9(R 0603_L)
Add component (AddParameter): Name = "BOM名称"; Value = "贴片电阻"; VariantName = "[No Variations]"
Add component (AddParameter): Name = "学习资源"; Value = "www.ooocke.com"; VariantName = "[No Variations]"
Add component (AddParameter): Name = "版权归属"; Value = "源创客"; VariantName = "[No Variations]"
Added Component: Designator=R10(R 0603_L)
Add component (AddParameter): Name = "BOM名称"; Value = "贴片电阻"; VariantName = "[No Variations]"
Add component (AddParameter): Name = "学习资源"; Value = "www.ooocke.com"; VariantName = "[No Variations]"
Add component (AddParameter): Name = "版权归属"; Value = "源创客"; VariantName = "[No Variations]"
Added Component: Designator=R11(R 0603_L)
Add component (AddParameter): Name = "BOM名称"; Value = "贴片电阻"; VariantName = "[No Variations]"
Add component (AddParameter): Name = "学习资源"; Value = "www.ooocke.com"; VariantName = "[No Variations]"
Add component (AddParameter): Name = "版权归属"; Value = "源创客"; VariantName = "[No Variations]"
Added Component: Designator=R12(R 0603_L)
Add component (AddParameter): Name = "BOM名称"; Value = "贴片电阻"; VariantName = "[No Variations]"
Add component (AddParameter): Name = "学习资源"; Value = "www.ooocke.com"; VariantName = "[No Variations]"
Add component (AddParameter): Name = "版权归属"; Value = "源创客"; VariantName = "[No Variations]"
Added Component: Designator=S1(MSK-12C01-07)
Add component (AddParameter): Name = "BOM名称"; Value = "MTS10x系列3脚扭子开关"; VariantName = "[No Variations]"
Add component (AddParameter): Name = "学习资源"; Value = "www.ooocke.com"; VariantName = "[No Variations]"
Add component (AddParameter): Name = "版权归属"; Value = "源创客"; VariantName = "[No Variations]"
Added Component: Designator=SW1(TSW 3*6*4.3-S-W)
Add component (AddParameter): Name = "BOM名称"; Value = "3x6轻触开关"; VariantName = "[No Variations]"
Add component (AddParameter): Name = "学习资源"; Value = "www.ooocke.com"; VariantName = "[No Variations]"
Add component (AddParameter): Name = "版权归属"; Value = "源创客"; VariantName = "[No Variations]"
Added Component: Designator=SW2(TSW 3*6*4.3-S-W)
Add component (AddParameter): Name = "BOM名称"; Value = "3x6轻触开关"; VariantName = "[No Variations]"
Add component (AddParameter): Name = "学习资源"; Value = "www.ooocke.com"; VariantName = "[No Variations]"
Add component (AddParameter): Name = "版权归属"; Value = "源创客"; VariantName = "[No Variations]"
Added Component: Designator=SW3(TSW 3*6*4.3-S-W)
Add component (AddParameter): Name = "BOM名称"; Value = "3x6轻触开关"; VariantName = "[No Variations]"
Add component (AddParameter): Name = "学习资源"; Value = "www.ooocke.com"; VariantName = "[No Variations]"
Add component (AddParameter): Name = "版权归属"; Value = "源创客"; VariantName = "[No Variations]"
Added Component: Designator=(USB-micro_A)
Added Component: Designator=U1(QFN48 7X7_M)
Added Component: Designator=U2(QFN24)
Added Component: Designator=U3(SOP8)
Added Component: Designator=U5(SOT23-5)
Added Component: Designator=U14(JLink)
Added Component: Designator=U?(FPC0.5 2H-WS-8P)
Added Component: Designator=Y0(OSC 3215-2P)
Added Component: Designator=Y1(OSC 3225-4P)
Added Pin To Net: NetName=5V Pin=-1
Added Pin To Net: NetName=GND Pin=-5
Added Pin To Net: NetName=GND Pin=-5
Added Pin To Net: NetName=GND Pin=-5
Added Pin To Net: NetName=GND Pin=-5
Added Pin To Net: NetName=GND Pin=-5
Added Pin To Net: NetName=GND Pin=Beep-1
Added Pin To Net: NetName=Beep Pin=Beep-2
Added Pin To Net: NetName=GND Pin=C1-1
Added Pin To Net: NetName=3V3 Pin=C1-2
Added Pin To Net: NetName=GND Pin=C2-1
Added Pin To Net: NetName=3V3 Pin=C2-2
Added Pin To Net: NetName=GND Pin=C3-1
Added Pin To Net: NetName=3V3 Pin=C3-2
Added Pin To Net: NetName=GND Pin=C4-1
Added Pin To Net: NetName=3V3 Pin=C4-2
Added Pin To Net: NetName=GND Pin=C5-1
Added Pin To Net: NetName=PC14 Pin=C5-2
Added Pin To Net: NetName=GND Pin=C6-1
Added Pin To Net: NetName=PC15 Pin=C6-2
Added Pin To Net: NetName=GND Pin=C7-1
Added Pin To Net: NetName=5V Pin=C7-2
Added Pin To Net: NetName=GND Pin=C8-1
Added Pin To Net: NetName=PH0 Pin=C8-2
Added Pin To Net: NetName=GND Pin=C9-1
Added Pin To Net: NetName=PH1 Pin=C9-2
Added Pin To Net: NetName=NetC10_1 Pin=C10-1
Added Pin To Net: NetName=GND Pin=C10-2
Added Pin To Net: NetName=GND Pin=C11-1
Added Pin To Net: NetName=NetC11_2 Pin=C11-2
Added Pin To Net: NetName=GND Pin=C12-1
Added Pin To Net: NetName=VCAP1 Pin=C12-2
Added Pin To Net: NetName=GND Pin=C13-1
Added Pin To Net: NetName=VIN Pin=C13-2
Added Pin To Net: NetName=GND Pin=C14-1
Added Pin To Net: NetName=VIN Pin=C14-2
Added Pin To Net: NetName=GND Pin=C15-1
Added Pin To Net: NetName=VOUT Pin=C16-1
Added Pin To Net: NetName=GND Pin=C16-2
Added Pin To Net: NetName=VOUT Pin=C17-1
Added Pin To Net: NetName=GND Pin=C17-2
Added Pin To Net: NetName=NetD1_1 Pin=D1-1
Added Pin To Net: NetName=GND Pin=D1-2
Added Pin To Net: NetName=NetD2_1 Pin=D2-1
Added Pin To Net: NetName=NetD2_2 Pin=D2-2
Added Pin To Net: NetName=LED Pin=D3-1
Added Pin To Net: NetName=NetD3_2 Pin=D3-2
Added Pin To Net: NetName=GND Pin=JP1-1
Added Pin To Net: NetName=VIN Pin=JP1-2
Added Pin To Net: NetName=BAT_VOL Pin=R1-1
Added Pin To Net: NetName=VIN Pin=R1-2
Added Pin To Net: NetName=GND Pin=R2-1
Added Pin To Net: NetName=BOOT0 Pin=R2-2
Added Pin To Net: NetName=GND Pin=R3-1
Added Pin To Net: NetName=BOOT1 Pin=R3-2
Added Pin To Net: NetName=MPU_SDA Pin=R4-1
Added Pin To Net: NetName=3V3 Pin=R4-2
Added Pin To Net: NetName=MPU_SCL Pin=R5-1
Added Pin To Net: NetName=3V3 Pin=R5-2
Added Pin To Net: NetName=3V3 Pin=R6-1
Added Pin To Net: NetName=MPU_INT Pin=R6-2
Added Pin To Net: NetName=GND Pin=R7-1
Added Pin To Net: NetName=BAT_VOL Pin=R7-2
Added Pin To Net: NetName=NetD2_2 Pin=R8-1
Added Pin To Net: NetName=BAT_CHG Pin=R8-2
Added Pin To Net: NetName=GND Pin=R9-1
Added Pin To Net: NetName=NetR9_2 Pin=R9-2
Added Pin To Net: NetName=NetD2_1 Pin=R10-1
Added Pin To Net: NetName=5V Pin=R10-2
Added Pin To Net: NetName=3V3 Pin=R11-1
Added Pin To Net: NetName=NetD1_1 Pin=R11-2
Added Pin To Net: NetName=NetD3_2 Pin=R12-1
Added Pin To Net: NetName=GND Pin=R12-2
Added Pin To Net: NetName=VOUT Pin=S1-2
Added Pin To Net: NetName=3V3 Pin=S1-3
Added Pin To Net: NetName=KEY1 Pin=SW1-1
Added Pin To Net: NetName=GND Pin=SW1-2
Added Pin To Net: NetName=KEY2 Pin=SW2-1
Added Pin To Net: NetName=GND Pin=SW2-2
Added Pin To Net: NetName=KEY3 Pin=SW3-1
Added Pin To Net: NetName=GND Pin=SW3-2
Added Pin To Net: NetName=3V3 Pin=U1-1
Added Pin To Net: NetName=Beep Pin=U1-2
Added Pin To Net: NetName=PC14 Pin=U1-3
Added Pin To Net: NetName=PC15 Pin=U1-4
Added Pin To Net: NetName=PH0 Pin=U1-5
Added Pin To Net: NetName=PH1 Pin=U1-6
Added Pin To Net: NetName=NRST Pin=U1-7
Added Pin To Net: NetName=GND Pin=U1-8
Added Pin To Net: NetName=3V3 Pin=U1-9
Added Pin To Net: NetName=BAT_CHG Pin=U1-10
Added Pin To Net: NetName=BAT_VOL Pin=U1-11
Added Pin To Net: NetName=PA2 Pin=U1-12
Added Pin To Net: NetName=PA3 Pin=U1-13
Added Pin To Net: NetName=LCD_CS Pin=U1-14
Added Pin To Net: NetName=LCD_SCL Pin=U1-15
Added Pin To Net: NetName=LCD_DC Pin=U1-16
Added Pin To Net: NetName=LCD_SDA Pin=U1-17
Added Pin To Net: NetName=LCD_RES Pin=U1-18
Added Pin To Net: NetName=LCD_BLK Pin=U1-19
Added Pin To Net: NetName=BOOT1 Pin=U1-20
Added Pin To Net: NetName=PB10 Pin=U1-21
Added Pin To Net: NetName=VCAP1 Pin=U1-22
Added Pin To Net: NetName=GND Pin=U1-23
Added Pin To Net: NetName=3V3 Pin=U1-24
Added Pin To Net: NetName=KEY2 Pin=U1-25
Added Pin To Net: NetName=KEY3 Pin=U1-26
Added Pin To Net: NetName=KEY1 Pin=U1-27
Added Pin To Net: NetName=PB15 Pin=U1-28
Added Pin To Net: NetName=PA8 Pin=U1-29
Added Pin To Net: NetName=PA9 Pin=U1-30
Added Pin To Net: NetName=PA10 Pin=U1-31
Added Pin To Net: NetName=PA11 Pin=U1-32
Added Pin To Net: NetName=PA12 Pin=U1-33
Added Pin To Net: NetName=PA13 Pin=U1-34
Added Pin To Net: NetName=GND Pin=U1-35
Added Pin To Net: NetName=3V3 Pin=U1-36
Added Pin To Net: NetName=PA14 Pin=U1-37
Added Pin To Net: NetName=PA15 Pin=U1-38
Added Pin To Net: NetName=PB3 Pin=U1-39
Added Pin To Net: NetName=PB4 Pin=U1-40
Added Pin To Net: NetName=LED Pin=U1-41
Added Pin To Net: NetName=PB6 Pin=U1-42
Added Pin To Net: NetName=PB7 Pin=U1-43
Added Pin To Net: NetName=BOOT0 Pin=U1-44
Added Pin To Net: NetName=MPU_SDA Pin=U1-45
Added Pin To Net: NetName=MPU_SCL Pin=U1-46
Added Pin To Net: NetName=GND Pin=U1-47
Added Pin To Net: NetName=3V3 Pin=U1-48
Added Pin To Net: NetName=GND Pin=U1-49
Added Pin To Net: NetName=GND Pin=U2-1
Added Pin To Net: NetName=GND Pin=U2-6
Added Pin To Net: NetName=GND Pin=U2-7
Added Pin To Net: NetName=3V3 Pin=U2-8
Added Pin To Net: NetName=GND Pin=U2-9
Added Pin To Net: NetName=NetC11_2 Pin=U2-10
Added Pin To Net: NetName=GND Pin=U2-11
Added Pin To Net: NetName=MPU_INT Pin=U2-12
Added Pin To Net: NetName=3V3 Pin=U2-13
Added Pin To Net: NetName=GND Pin=U2-18
Added Pin To Net: NetName=NetC10_1 Pin=U2-20
Added Pin To Net: NetName=MPU_SCL Pin=U2-23
Added Pin To Net: NetName=MPU_SDA Pin=U2-24
Added Pin To Net: NetName=GND Pin=U3-1
Added Pin To Net: NetName=NetR9_2 Pin=U3-2
Added Pin To Net: NetName=GND Pin=U3-3
Added Pin To Net: NetName=5V Pin=U3-4
Added Pin To Net: NetName=VIN Pin=U3-5
Added Pin To Net: NetName=GND Pin=U3-6
Added Pin To Net: NetName=NetD2_2 Pin=U3-7
Added Pin To Net: NetName=5V Pin=U3-8
Added Pin To Net: NetName=VIN Pin=U5-1
Added Pin To Net: NetName=GND Pin=U5-2
Added Pin To Net: NetName=VIN Pin=U5-3
Added Pin To Net: NetName=VOUT Pin=U5-5
Added Pin To Net: NetName=3V3 Pin=U14-1
Added Pin To Net: NetName=GND Pin=U14-2
Added Pin To Net: NetName=PA13 Pin=U14-3
Added Pin To Net: NetName=PA14 Pin=U14-4
Added Pin To Net: NetName=LCD_CS Pin=U?-1
Added Pin To Net: NetName=3V3 Pin=U?-2
Added Pin To Net: NetName=LCD_SCL Pin=U?-3
Added Pin To Net: NetName=LCD_SDA Pin=U?-4
Added Pin To Net: NetName=LCD_DC Pin=U?-5
Added Pin To Net: NetName=LCD_RES Pin=U?-6
Added Pin To Net: NetName=GND Pin=U?-7
Added Pin To Net: NetName=LCD_BLK Pin=U?-8
Added Pin To Net: NetName=PC14 Pin=Y0-1
Added Pin To Net: NetName=PC15 Pin=Y0-2
Added Pin To Net: NetName=PH0 Pin=Y1-1
Added Pin To Net: NetName=PH1 Pin=Y1-2
Added Pin To Net: NetName=NetC15_2 Pin=C15-2
Added Pin To Net: NetName=NetC15_2 Pin=U5-4
Added Net: Name=NetC15_2
Added Member To Class: ClassName=Watch-Sheet Member=Component Beep 2PIN
Added Member To Class: ClassName=Watch-Sheet Member=Component C1 100NF
Added Member To Class: ClassName=Watch-Sheet Member=Component C2 100NF
Added Member To Class: ClassName=Watch-Sheet Member=Component C3 100NF
Added Member To Class: ClassName=Watch-Sheet Member=Component C4 100NF
Added Member To Class: ClassName=Watch-Sheet Member=Component C5 22PF
Added Member To Class: ClassName=Watch-Sheet Member=Component C6 22PF
Added Member To Class: ClassName=Watch-Sheet Member=Component C7 10UF
Added Member To Class: ClassName=Watch-Sheet Member=Component C8 22PF
Added Member To Class: ClassName=Watch-Sheet Member=Component C9 22PF
Added Member To Class: ClassName=Watch-Sheet Member=Component C10 2.2nf
Added Member To Class: ClassName=Watch-Sheet Member=Component C11 0.1uF
Added Member To Class: ClassName=Watch-Sheet Member=Component C12 Cap Chip 0603
Added Member To Class: ClassName=Watch-Sheet Member=Component C13 10UF
Added Member To Class: ClassName=Watch-Sheet Member=Component C14 105
Added Member To Class: ClassName=Watch-Sheet Member=Component C15 22nF
Added Member To Class: ClassName=Watch-Sheet Member=Component C16 104
Added Member To Class: ClassName=Watch-Sheet Member=Component C17 105
Added Member To Class: ClassName=Watch-Sheet Member=Component D1 红色
Added Member To Class: ClassName=Watch-Sheet Member=Component D2 绿色
Added Member To Class: ClassName=Watch-Sheet Member=Component D3 红色
Added Member To Class: ClassName=Watch-Sheet Member=Component JP1 2PIN
Added Member To Class: ClassName=Watch-Sheet Member=Component R1 10k
Added Member To Class: ClassName=Watch-Sheet Member=Component R2 10K
Added Member To Class: ClassName=Watch-Sheet Member=Component R3 10K
Added Member To Class: ClassName=Watch-Sheet Member=Component R4 10k
Added Member To Class: ClassName=Watch-Sheet Member=Component R5 10k
Added Member To Class: ClassName=Watch-Sheet Member=Component R6 10K
Added Member To Class: ClassName=Watch-Sheet Member=Component R7 10k
Added Member To Class: ClassName=Watch-Sheet Member=Component R8 1K
Added Member To Class: ClassName=Watch-Sheet Member=Component R9 1.2K
Added Member To Class: ClassName=Watch-Sheet Member=Component R10 4.7K
Added Member To Class: ClassName=Watch-Sheet Member=Component R11 1K
Added Member To Class: ClassName=Watch-Sheet Member=Component R12 1K
Added Member To Class: ClassName=Watch-Sheet Member=Component S1 MTS-10x
Added Member To Class: ClassName=Watch-Sheet Member=Component SW1 3x6x5
Added Member To Class: ClassName=Watch-Sheet Member=Component SW2 3x6x5
Added Member To Class: ClassName=Watch-Sheet Member=Component SW3 3x6x5
Added Member To Class: ClassName=Watch-Sheet Member=Component  Micro USB
Added Member To Class: ClassName=Watch-Sheet Member=Component U1 STM32F411CEU6
Added Member To Class: ClassName=Watch-Sheet Member=Component U2 MPU6050
Added Member To Class: ClassName=Watch-Sheet Member=Component U3 TP4056
Added Member To Class: ClassName=Watch-Sheet Member=Component U5 RT9193
Added Member To Class: ClassName=Watch-Sheet Member=Component U14 JLink
Added Member To Class: ClassName=Watch-Sheet Member=Component U? LCD
Added Member To Class: ClassName=Watch-Sheet Member=Component Y0 XTAL 3215 32.768kKHz
Added Member To Class: ClassName=Watch-Sheet Member=Component Y1 XTAL 3225 8M
